<?xml version="1.0" encoding="utf-8"?><testsuites name="pytest tests"><testsuite name="pytest" errors="0" failures="0" skipped="0" tests="8" time="2.634" timestamp="2026-06-24T04:45:08.577617+00:00" hostname="agent-env-ef167eec-4c8f-40ea-b9aa-134ff03d2587"><testcase classname="backend.tests.test_backend_emergent.TestHealth" name="test_health_ok" time="0.003" /><testcase classname="backend.tests.test_backend_emergent.TestHealth" name="test_root" time="0.002" /><testcase classname="backend.tests.test_backend_emergent.TestEmergentLLMValidation" name="test_invalid_key_format" time="0.002" /><testcase classname="backend.tests.test_backend_emergent.TestEmergentLLMValidation" name="test_invalid_model_choice" time="1.241" /><testcase classname="backend.tests.test_backend_emergent.TestEmergentLLMValidation" name="test_empty_api_key_pydantic_422" time="0.002" /><testcase classname="backend.tests.test_backend_emergent.TestEmergentLLMValidation" name="test_empty_prompt_pydantic_422" time="0.002" /><testcase classname="backend.tests.test_backend_emergent.TestEmergentLLMErrorMapping" name="test_provided_key_clean_response" time="0.748" /><testcase classname="backend.tests.test_backend_emergent.TestEmergentLLMErrorMapping" name="test_openai_model_choice_routes" time="0.565" /></testsuite></testsuites>